2019-10-10 03:27:29,696  INFO [main] HomePageTest:28 - Beginnning of Home Page Test Case
2019-10-10 03:27:49,500  INFO [main] HomePageTest:28 - Beginnning of Home Page Test Case
2019-10-10 03:28:03,020  INFO [main] HomePageTest:28 - Beginnning of Home Page Test Case
2019-10-10 03:28:25,552  INFO [main] HomePageTest:28 - Beginnning of Home Page Test Case
2019-10-10 03:28:30,002  INFO [main] HomePageTest:57 - Pharmacy | Manage, Transfer, & Refill Prescriptions Online | CVS Pharmacy
2019-10-10 03:28:44,535  INFO [main] HomePageTest:28 - Beginnning of Home Page Test Case
2019-10-10 03:29:02,145  INFO [main] HomePageTest:28 - Beginnning of Home Page Test Case
2019-10-10 03:29:21,602  INFO [main] HomePageTest:28 - Beginnning of Home Page Test Case
2019-10-10 03:29:36,780  INFO [main] HomePageTest:28 - Beginnning of Home Page Test Case
2019-10-10 03:29:58,208  INFO [main] HomePageTest:28 - Beginnning of Home Page Test Case
2019-10-10 03:30:22,771  INFO [main] HomePageTest:28 - Beginnning of Home Page Test Case
2019-10-10 03:30:46,673  INFO [main] HomePageTest:28 - Beginnning of Home Page Test Case
2019-10-10 03:31:06,529  INFO [main] LogInTest:28 - Beginnning of LogInTest Test Case
2019-10-10 03:31:43,212  INFO [main] LogInTest:28 - Beginnning of LogInTest Test Case
2019-10-10 03:32:21,137  INFO [main] LogInTest:28 - Beginnning of LogInTest Test Case
2019-10-10 03:32:58,493  INFO [main] LogInTest:28 - Beginnning of LogInTest Test Case
2019-10-10 03:33:37,154  INFO [main] LogInTest:28 - Beginnning of LogInTest Test Case
2019-10-10 03:34:13,985  INFO [main] LogInTest:28 - Beginnning of LogInTest Test Case
2019-10-10 03:34:50,486  INFO [main] LogInTest:28 - Beginnning of LogInTest Test Case
2019-10-10 03:35:26,719  INFO [main] LogInTest:28 - Beginnning of LogInTest Test Case
2019-10-10 03:36:03,076  INFO [main] LogInTest:28 - Beginnning of LogInTest Test Case
2019-10-10 03:36:39,254  INFO [main] LogInTest:28 - Beginnning of LogInTest Test Case
2019-10-10 03:37:15,736  INFO [main] LogInTest:28 - Beginnning of LogInTest Test Case
2019-10-10 03:37:51,881  INFO [main] LogInTest:28 - Beginnning of LogInTest Test Case
2019-10-10 03:38:28,402  INFO [main] LogInTest:28 - Beginnning of LogInTest Test Case
2019-10-10 03:39:03,846  INFO [main] LogInTest:28 - Beginnning of LogInTest Test Case
2019-10-10 03:39:38,893  INFO [main] LogInTest:28 - Beginnning of LogInTest Test Case
2019-10-10 03:40:16,459  INFO [main] LogInTest:28 - Beginnning of LogInTest Test Case
2019-10-10 03:40:52,168  INFO [main] LogInTest:28 - Beginnning of LogInTest Test Case
2019-10-10 03:41:28,336  INFO [main] LogInTest:28 - Beginnning of LogInTest Test Case
2019-10-10 03:42:04,749  INFO [main] LogInTest:28 - Beginnning of LogInTest Test Case
2019-10-10 03:42:40,896  INFO [main] LogInTest:28 - Beginnning of LogInTest Test Case
2019-10-10 03:43:17,462  INFO [main] LogInTest:28 - Beginnning of LogInTest Test Case
2019-10-10 03:43:53,973  INFO [main] LogInTest:28 - Beginnning of LogInTest Test Case
2019-10-10 03:44:30,424  INFO [main] LogInTest:28 - Beginnning of LogInTest Test Case
2019-10-10 03:45:06,405  INFO [main] LogInTest:28 - Beginnning of LogInTest Test Case
2019-10-10 03:45:42,598  INFO [main] LogInTest:28 - Beginnning of LogInTest Test Case
2019-10-10 03:46:18,820  INFO [main] LogInTest:28 - Beginnning of LogInTest Test Case
2019-10-10 03:46:54,994  INFO [main] LogInTest:28 - Beginnning of LogInTest Test Case
2019-10-10 03:47:31,070  INFO [main] LogInTest:28 - Beginnning of LogInTest Test Case
2019-10-10 03:48:06,194  INFO [main] LogInTest:28 - Beginnning of LogInTest Test Case
2019-10-10 03:48:41,107  INFO [main] LogInTest:28 - Beginnning of LogInTest Test Case
2019-10-10 03:49:17,317  INFO [main] LogInTest:28 - Beginnning of LogInTest Test Case
2019-10-10 03:49:53,972  INFO [main] LogInTest:28 - Beginnning of LogInTest Test Case
2019-10-10 03:50:30,574  INFO [main] RegistrationTest:32 - Beginnning of Test Case
2019-10-10 03:50:33,292  INFO [main] RegistrationTest:98 - Ending of Test Case
2019-10-10 03:50:44,881  INFO [main] RegistrationTest:32 - Beginnning of Test Case
2019-10-10 03:51:48,034  INFO [main] RegistrationTest:98 - Ending of Test Case
2019-10-10 03:51:59,884  INFO [main] RegistrationTest:32 - Beginnning of Test Case
2019-10-10 03:53:03,309  INFO [main] RegistrationTest:98 - Ending of Test Case
2019-10-10 03:53:14,958  INFO [main] RegistrationTest:32 - Beginnning of Test Case
2019-10-10 03:54:18,158  INFO [main] RegistrationTest:98 - Ending of Test Case
2019-10-10 03:54:29,647  INFO [main] RegistrationTest:32 - Beginnning of Test Case
2019-10-10 03:55:33,300  INFO [main] RegistrationTest:98 - Ending of Test Case
2019-10-10 03:55:44,395  INFO [main] RegistrationTest:32 - Beginnning of Test Case
2019-10-10 03:56:48,303  INFO [main] RegistrationTest:98 - Ending of Test Case
2019-10-10 03:57:00,427  INFO [main] RegistrationTest:32 - Beginnning of Test Case
2019-10-10 03:58:03,773  INFO [main] RegistrationTest:98 - Ending of Test Case
2019-10-10 03:58:14,978  INFO [main] RegistrationTest:32 - Beginnning of Test Case
2019-10-10 03:59:18,648  INFO [main] RegistrationTest:98 - Ending of Test Case
2019-10-10 03:59:29,621  INFO [main] RegistrationTest:32 - Beginnning of Test Case
2019-10-10 04:00:32,751  INFO [main] RegistrationTest:98 - Ending of Test Case
2019-10-10 04:00:44,229  INFO [main] RegistrationTest:32 - Beginnning of Test Case
2019-10-10 04:01:47,902  INFO [main] RegistrationTest:98 - Ending of Test Case
2019-10-10 04:01:59,010  INFO [main] RegistrationTest:32 - Beginnning of Test Case
2019-10-10 04:03:02,677  INFO [main] RegistrationTest:98 - Ending of Test Case
2019-10-10 04:03:14,550  INFO [main] RegistrationTest:32 - Beginnning of Test Case
2019-10-10 04:04:18,564  INFO [main] RegistrationTest:98 - Ending of Test Case
2019-10-10 04:04:30,116  INFO [main] RegistrationTest:32 - Beginnning of Test Case
2019-10-10 04:05:34,577  INFO [main] RegistrationTest:98 - Ending of Test Case
2019-10-10 04:05:46,632  INFO [main] RegistrationTest:32 - Beginnning of Test Case
2019-10-10 04:06:50,357  INFO [main] RegistrationTest:98 - Ending of Test Case
2019-10-10 04:07:01,912  INFO [main] RegistrationTest:32 - Beginnning of Test Case
2019-10-10 04:08:05,365  INFO [main] RegistrationTest:98 - Ending of Test Case
2019-10-10 04:08:17,444  INFO [main] RegistrationTest:32 - Beginnning of Test Case
2019-10-10 04:09:21,192  INFO [main] RegistrationTest:98 - Ending of Test Case
2019-10-10 04:09:32,895  INFO [main] RegistrationTest:32 - Beginnning of Test Case
2019-10-10 04:10:36,146  INFO [main] RegistrationTest:98 - Ending of Test Case
2019-10-10 04:10:47,280  INFO [main] RegistrationTest:32 - Beginnning of Test Case
2019-10-10 04:11:50,132  INFO [main] RegistrationTest:98 - Ending of Test Case
2019-10-10 04:12:01,990  INFO [main] RegistrationTest:32 - Beginnning of Test Case
2019-10-10 04:13:05,971  INFO [main] RegistrationTest:98 - Ending of Test Case
2019-10-10 04:13:17,813  INFO [main] RegistrationTest:32 - Beginnning of Test Case
2019-10-10 04:14:21,086  INFO [main] RegistrationTest:98 - Ending of Test Case
2019-10-10 04:14:32,151  INFO [main] RegistrationTest:32 - Beginnning of Test Case
2019-10-10 04:15:35,550  INFO [main] RegistrationTest:98 - Ending of Test Case
2019-10-10 04:18:38,318  INFO [main] ContactLensesPageTest:29 - Beginnning of ContactLensesPageTest Test Case
2019-10-10 04:18:56,231  INFO [main] ContactLensesPageTest:29 - Beginnning of ContactLensesPageTest Test Case
2019-10-10 04:19:12,962  INFO [main] ContactLensesPageTest:29 - Beginnning of ContactLensesPageTest Test Case
2019-10-10 04:19:30,169  INFO [main] ContactLensesPageTest:29 - Beginnning of ContactLensesPageTest Test Case
2019-10-10 04:19:46,980  INFO [main] ContactLensesPageTest:29 - Beginnning of ContactLensesPageTest Test Case
2019-10-10 04:20:25,182  INFO [main] ContactLensesPageTest:29 - Beginnning of ContactLensesPageTest Test Case
2019-10-10 04:21:02,679  INFO [main] ContactLensesPageTest:29 - Beginnning of ContactLensesPageTest Test Case
2019-10-10 04:21:40,215  INFO [main] ContactLensesPageTest:29 - Beginnning of ContactLensesPageTest Test Case
2019-10-10 04:22:18,152  INFO [main] ContactLensesPageTest:29 - Beginnning of ContactLensesPageTest Test Case
2019-10-10 04:22:57,559  INFO [main] ContactLensesPageTest:29 - Beginnning of ContactLensesPageTest Test Case
2019-10-10 04:23:35,218  INFO [main] ContactLensesPageTest:29 - Beginnning of ContactLensesPageTest Test Case
2019-10-10 04:24:13,057  INFO [main] ContactLensesPageTest:29 - Beginnning of ContactLensesPageTest Test Case
2019-10-10 04:24:51,263  INFO [main] ContactLensesPageTest:29 - Beginnning of ContactLensesPageTest Test Case
2019-10-10 04:25:28,723  INFO [main] ContactLensesPageTest:29 - Beginnning of ContactLensesPageTest Test Case
2019-10-10 04:26:06,135  INFO [main] ContactLensesPageTest:29 - Beginnning of ContactLensesPageTest Test Case
2019-10-10 04:26:42,852  INFO [main] ContactLensesPageTest:29 - Beginnning of ContactLensesPageTest Test Case
2019-10-10 04:27:20,511  INFO [main] ContactLensesPageTest:29 - Beginnning of ContactLensesPageTest Test Case
2019-10-10 04:27:58,167  INFO [main] ContactLensesPageTest:29 - Beginnning of ContactLensesPageTest Test Case
2019-10-10 04:28:35,739  INFO [main] ContactLensesPageTest:29 - Beginnning of ContactLensesPageTest Test Case
2019-10-10 04:29:13,679  INFO [main] ContactLensesPageTest:29 - Beginnning of ContactLensesPageTest Test Case
2019-10-10 04:29:50,388  INFO [main] ContactLensesPageTest:29 - Beginnning of ContactLensesPageTest Test Case
2019-10-10 04:30:26,748  INFO [main] ContactLensesPageTest:29 - Beginnning of ContactLensesPageTest Test Case
2019-10-10 04:31:03,402  INFO [main] ContactLensesPageTest:29 - Beginnning of ContactLensesPageTest Test Case
2019-10-10 04:31:41,447  INFO [main] ContactLensesPageTest:29 - Beginnning of ContactLensesPageTest Test Case
2019-10-10 04:32:18,755  INFO [main] ContactLensesPageTest:29 - Beginnning of ContactLensesPageTest Test Case
2019-10-10 04:32:56,234  INFO [main] ContactLensesPageTest:29 - Beginnning of ContactLensesPageTest Test Case
2019-10-10 04:33:33,735  INFO [main] ContactLensesPageTest:29 - Beginnning of ContactLensesPageTest Test Case
2019-10-10 04:34:11,173  INFO [main] ContactLensesPageTest:29 - Beginnning of ContactLensesPageTest Test Case
2019-10-10 04:34:49,415  INFO [main] ContactLensesPageTest:29 - Beginnning of ContactLensesPageTest Test Case
2019-10-10 04:35:27,555  INFO [main] ContactLensesPageTest:29 - Beginnning of ContactLensesPageTest Test Case
2019-10-10 04:36:05,335  INFO [main] ContactLensesPageTest:29 - Beginnning of ContactLensesPageTest Test Case
2019-10-10 04:36:42,604  INFO [main] ContactLensesPageTest:29 - Beginnning of ContactLensesPageTest Test Case
2019-10-10 04:37:19,359  INFO [main] ContactLensesPageTest:29 - Beginnning of ContactLensesPageTest Test Case
2019-10-10 04:37:56,727  INFO [main] ContactLensesPageTest:29 - Beginnning of ContactLensesPageTest Test Case
2019-10-10 04:38:34,509  INFO [main] ContactLensesPageTest:29 - Beginnning of ContactLensesPageTest Test Case
2019-10-10 04:39:13,704  INFO [main] ContactLensesPageTest:29 - Beginnning of ContactLensesPageTest Test Case
2019-10-10 04:39:51,170  INFO [main] ContactLensesPageTest:29 - Beginnning of ContactLensesPageTest Test Case
2019-10-10 04:40:28,668  INFO [main] ContactLensesPageTest:29 - Beginnning of ContactLensesPageTest Test Case
2019-10-10 04:41:05,718  INFO [main] ContactLensesPageTest:29 - Beginnning of ContactLensesPageTest Test Case
2019-10-10 04:41:43,116  INFO [main] ContactLensesPageTest:29 - Beginnning of ContactLensesPageTest Test Case
2019-10-10 04:42:20,494  INFO [main] ContactLensesPageTest:29 - Beginnning of ContactLensesPageTest Test Case
2019-10-10 04:42:57,298  INFO [main] ContactLensesPageTest:29 - Beginnning of ContactLensesPageTest Test Case
2019-10-10 04:43:34,939  INFO [main] ContactLensesPageTest:29 - Beginnning of ContactLensesPageTest Test Case
2019-10-10 04:44:12,618  INFO [main] ContactLensesPageTest:29 - Beginnning of ContactLensesPageTest Test Case
2019-10-10 04:53:04,455  INFO [main] ShopPageTest:24 - Beginnning of Test Case
2019-10-10 04:53:27,330  INFO [main] ShopPageTest:24 - Beginnning of Test Case
2019-10-10 04:53:44,100  INFO [main] ShopPageTest:24 - Beginnning of Test Case
2019-10-10 04:54:03,480  INFO [main] ShopPageTest:24 - Beginnning of Test Case
2019-10-10 04:54:20,744  INFO [main] ShopPageTest:24 - Beginnning of Test Case
2019-10-10 04:54:36,500  INFO [main] ShopPageTest:24 - Beginnning of Test Case
2019-10-10 04:55:15,761  INFO [main] ShopPageTest:24 - Beginnning of Test Case
2019-10-10 04:55:53,829  INFO [main] ShopPageTest:24 - Beginnning of Test Case
2019-10-10 09:20:28,028  INFO [main] SignUp4DealTest:28 - Beginnning of SignUp for Deals Test Case
2019-10-10 09:20:28,029  INFO [main] SignUpPage4Savings:69 - Verifying Title of the signup webpage
2019-10-10 09:20:49,409  INFO [main] SignUp4DealTest:64 - End of Test Case
2019-10-10 09:21:01,667  INFO [main] SignUp4DealTest:28 - Beginnning of SignUp for Deals Test Case
2019-10-10 09:21:01,668  INFO [main] SignUpPage4Savings:69 - Verifying Title of the signup webpage
2019-10-10 09:21:23,051  INFO [main] SignUp4DealTest:64 - End of Test Case
2019-10-10 09:21:34,049  INFO [main] SignUp4DealTest:28 - Beginnning of SignUp for Deals Test Case
2019-10-10 09:21:34,050  INFO [main] SignUpPage4Savings:69 - Verifying Title of the signup webpage
2019-10-10 09:21:55,374  INFO [main] SignUp4DealTest:64 - End of Test Case
2019-10-10 09:22:06,613  INFO [main] SignUp4DealTest:28 - Beginnning of SignUp for Deals Test Case
2019-10-10 09:22:06,614  INFO [main] SignUpPage4Savings:69 - Verifying Title of the signup webpage
2019-10-10 09:22:27,964  INFO [main] SignUp4DealTest:64 - End of Test Case
2019-10-10 09:22:39,907  INFO [main] SignUp4DealTest:28 - Beginnning of SignUp for Deals Test Case
2019-10-10 09:22:41,908  INFO [main] SignUpPage4Savings:79 - Verifying signup steps in signup webpage
2019-10-10 09:23:03,212  INFO [main] SignUp4DealTest:64 - End of Test Case
2019-10-10 09:23:14,157  INFO [main] SignUp4DealTest:28 - Beginnning of SignUp for Deals Test Case
2019-10-10 09:23:16,158  INFO [main] SignUpPage4Savings:79 - Verifying signup steps in signup webpage
2019-10-10 09:23:37,534  INFO [main] SignUp4DealTest:64 - End of Test Case
2019-10-10 09:23:48,562  INFO [main] SignUp4DealTest:28 - Beginnning of SignUp for Deals Test Case
2019-10-10 09:23:50,563  INFO [main] SignUpPage4Savings:79 - Verifying signup steps in signup webpage
2019-10-10 09:24:11,933  INFO [main] SignUp4DealTest:64 - End of Test Case
2019-10-10 09:24:22,829  INFO [main] SignUp4DealTest:28 - Beginnning of SignUp for Deals Test Case
2019-10-10 09:24:24,831  INFO [main] SignUpPage4Savings:79 - Verifying signup steps in signup webpage
2019-10-10 09:24:46,196  INFO [main] SignUp4DealTest:64 - End of Test Case
2019-10-10 09:24:57,240  INFO [main] SignUp4DealTest:28 - Beginnning of SignUp for Deals Test Case
2019-10-10 09:24:57,240  INFO [main] SignUp4DealTest:54 - Beginnning of Excel Data Test
2019-10-10 09:24:59,241  INFO [main] SignUpPage4Savings:79 - Verifying signup steps in signup webpage
2019-10-10 09:25:20,572  INFO [main] SignUp4DealTest:64 - End of Test Case
2019-10-10 09:25:32,203  INFO [main] SignUp4DealTest:28 - Beginnning of SignUp for Deals Test Case
2019-10-10 09:25:32,204  INFO [main] SignUp4DealTest:54 - Beginnning of Excel Data Test
2019-10-10 09:25:34,205  INFO [main] SignUpPage4Savings:79 - Verifying signup steps in signup webpage
2019-10-10 09:25:55,558  INFO [main] SignUp4DealTest:64 - End of Test Case
2019-10-10 09:26:07,420  INFO [main] SignUp4DealTest:28 - Beginnning of SignUp for Deals Test Case
2019-10-10 09:26:07,421  INFO [main] SignUp4DealTest:54 - Beginnning of Excel Data Test
2019-10-10 09:26:09,421  INFO [main] SignUpPage4Savings:79 - Verifying signup steps in signup webpage
2019-10-10 09:26:30,805  INFO [main] SignUp4DealTest:64 - End of Test Case
2019-10-10 09:26:42,637  INFO [main] SignUp4DealTest:28 - Beginnning of SignUp for Deals Test Case
2019-10-10 09:26:42,637  INFO [main] SignUp4DealTest:54 - Beginnning of Excel Data Test
2019-10-10 09:26:44,638  INFO [main] SignUpPage4Savings:79 - Verifying signup steps in signup webpage
2019-10-10 09:27:06,019  INFO [main] SignUp4DealTest:64 - End of Test Case
2019-10-10 09:27:17,826  INFO [main] SignUp4DealTest:28 - Beginnning of SignUp for Deals Test Case
2019-10-10 09:27:17,827  INFO [main] SignUp4DealTest:54 - Beginnning of Excel Data Test
2019-10-10 09:27:19,828  INFO [main] SignUpPage4Savings:79 - Verifying signup steps in signup webpage
2019-10-10 09:27:41,226  INFO [main] SignUp4DealTest:64 - End of Test Case
2019-10-10 09:27:53,077  INFO [main] SignUp4DealTest:28 - Beginnning of SignUp for Deals Test Case
2019-10-10 09:27:53,078  INFO [main] SignUp4DealTest:54 - Beginnning of Excel Data Test
2019-10-10 09:27:55,080  INFO [main] SignUpPage4Savings:79 - Verifying signup steps in signup webpage
2019-10-10 09:28:16,445  INFO [main] SignUp4DealTest:64 - End of Test Case
2019-10-10 09:28:27,370  INFO [main] SignUp4DealTest:28 - Beginnning of SignUp for Deals Test Case
2019-10-10 09:28:27,371  INFO [main] SignUp4DealTest:54 - Beginnning of Excel Data Test
2019-10-10 09:28:29,371  INFO [main] SignUpPage4Savings:79 - Verifying signup steps in signup webpage
2019-10-10 09:28:50,763  INFO [main] SignUp4DealTest:64 - End of Test Case
2019-10-10 09:29:02,691  INFO [main] SignUp4DealTest:28 - Beginnning of SignUp for Deals Test Case
2019-10-10 09:29:02,691  INFO [main] SignUp4DealTest:54 - Beginnning of Excel Data Test
2019-10-10 09:29:04,692  INFO [main] SignUpPage4Savings:79 - Verifying signup steps in signup webpage
2019-10-10 09:29:26,063  INFO [main] SignUp4DealTest:64 - End of Test Case
2019-10-10 09:29:37,978  INFO [main] SignUp4DealTest:28 - Beginnning of SignUp for Deals Test Case
2019-10-10 09:29:37,978  INFO [main] SignUp4DealTest:54 - Beginnning of Excel Data Test
2019-10-10 09:29:39,979  INFO [main] SignUpPage4Savings:79 - Verifying signup steps in signup webpage
2019-10-10 09:30:01,375  INFO [main] SignUp4DealTest:64 - End of Test Case
2019-10-10 09:30:12,626  INFO [main] SignUp4DealTest:28 - Beginnning of SignUp for Deals Test Case
2019-10-10 09:30:12,627  INFO [main] SignUp4DealTest:54 - Beginnning of Excel Data Test
2019-10-10 09:30:14,627  INFO [main] SignUpPage4Savings:79 - Verifying signup steps in signup webpage
2019-10-10 09:30:35,971  INFO [main] SignUp4DealTest:64 - End of Test Case
2019-10-10 09:30:47,704  INFO [main] SignUp4DealTest:28 - Beginnning of SignUp for Deals Test Case
2019-10-10 09:30:47,705  INFO [main] SignUp4DealTest:54 - Beginnning of Excel Data Test
2019-10-10 09:30:49,706  INFO [main] SignUpPage4Savings:79 - Verifying signup steps in signup webpage
2019-10-10 09:31:11,053  INFO [main] SignUp4DealTest:64 - End of Test Case
2019-10-10 09:31:22,875  INFO [main] SignUp4DealTest:28 - Beginnning of SignUp for Deals Test Case
2019-10-10 09:31:22,876  INFO [main] SignUp4DealTest:54 - Beginnning of Excel Data Test
2019-10-10 09:31:24,876  INFO [main] SignUpPage4Savings:79 - Verifying signup steps in signup webpage
2019-10-10 09:31:46,261  INFO [main] SignUp4DealTest:64 - End of Test Case
2019-10-10 09:31:57,311  INFO [main] SignUp4DealTest:28 - Beginnning of SignUp for Deals Test Case
2019-10-10 09:31:57,312  INFO [main] SignUp4DealTest:54 - Beginnning of Excel Data Test
2019-10-10 09:31:59,312  INFO [main] SignUpPage4Savings:79 - Verifying signup steps in signup webpage
2019-10-10 09:32:20,698  INFO [main] SignUp4DealTest:64 - End of Test Case
2019-10-10 09:32:31,690  INFO [main] SignUp4DealTest:28 - Beginnning of SignUp for Deals Test Case
2019-10-10 09:32:31,691  INFO [main] SignUp4DealTest:54 - Beginnning of Excel Data Test
2019-10-10 09:32:33,691  INFO [main] SignUpPage4Savings:79 - Verifying signup steps in signup webpage
2019-10-10 09:32:55,048  INFO [main] SignUp4DealTest:64 - End of Test Case
2019-10-10 09:33:07,230  INFO [main] SignUp4DealTest:28 - Beginnning of SignUp for Deals Test Case
2019-10-10 09:33:07,230  INFO [main] SignUp4DealTest:54 - Beginnning of Excel Data Test
2019-10-10 09:33:09,230  INFO [main] SignUpPage4Savings:79 - Verifying signup steps in signup webpage
2019-10-10 09:33:30,624  INFO [main] SignUp4DealTest:64 - End of Test Case
2019-10-10 09:33:41,559  INFO [main] SignUp4DealTest:28 - Beginnning of SignUp for Deals Test Case
2019-10-10 09:33:41,560  INFO [main] SignUp4DealTest:54 - Beginnning of Excel Data Test
2019-10-10 09:33:43,560  INFO [main] SignUpPage4Savings:79 - Verifying signup steps in signup webpage
2019-10-10 09:34:04,909  INFO [main] SignUp4DealTest:64 - End of Test Case
